# JRE version: OpenJDK Runtime Environment (11.0.13) (build 11.0.13+0-b1751.21-8125866)
# Java VM: OpenJDK 64-Bit Server VM (11.0.13+0-b1751.21-8125866, mixed mode, tiered, compressed oops, g1 gc, windows-amd64)
Heap:
 garbage-first heap   total 177152K, used 140333K [0x0000000080000000, 0x0000000100000000)
  region size 1024K, 43 young (44032K), 6 survivors (6144K)
 Metaspace       used 94642K, capacity 96827K, committed 97148K, reserved 1134592K
  class space    used 12114K, capacity 12958K, committed 13056K, reserved 1048576K
GC Heap History (20 events):
Event: 51.030 GC heap before
{Heap before GC invocations=40 (full 0):
 garbage-first heap   total 122880K, used 100764K [0x0000000080000000, 0x0000000100000000)
  region size 1024K, 27 young (27648K), 4 survivors (4096K)
 Metaspace       used 81140K, capacity 82944K, committed 83068K, reserved 1122304K
  class space    used 10532K, capacity 11193K, committed 11264K, reserved 1048576K
}
Event: 51.042 GC heap after
{Heap after GC invocations=41 (full 0):
 garbage-first heap   total 147456K, used 78340K [0x0000000080000000, 0x0000000100000000)
  region size 1024K, 3 young (3072K), 3 survivors (3072K)
 Metaspace       used 81140K, capacity 82944K, committed 83068K, reserved 1122304K
  class space    used 10532K, capacity 11193K, committed 11264K, reserved 1048576K
}
Event: 51.817 GC heap before
{Heap before GC invocations=42 (full 0):
 garbage-first heap   total 147456K, used 114180K [0x0000000080000000, 0x0000000100000000)
  region size 1024K, 38 young (38912K), 3 survivors (3072K)
 Metaspace       used 84348K, capacity 86220K, committed 86524K, reserved 1124352K
  class space    used 10901K, capacity 11591K, committed 11648K, reserved 1048576K
}
Event: 51.824 GC heap after
{Heap after GC invocations=43 (full 0):
 garbage-first heap   total 147456K, used 81344K [0x0000000080000000, 0x0000000100000000)
  region size 1024K, 5 young (5120K), 5 survivors (5120K)
 Metaspace       used 84348K, capacity 86220K, committed 86524K, reserved 1124352K
  class space    used 10901K, capacity 11591K, committed 11648K, reserved 1048576K
}
Event: 52.900 GC heap before
{Heap before GC invocations=43 (full 0):
 garbage-first heap   total 147456K, used 116160K [0x0000000080000000, 0x0000000100000000)
  region size 1024K, 39 young (39936K), 5 survivors (5120K)
 Metaspace       used 86801K, capacity 88741K, committed 88956K, reserved 1126400K
  class space    used 11280K, capacity 12002K, committed 12032K, reserved 1048576K
}
Event: 52.918 GC heap after
{Heap after GC invocations=44 (full 0):
 garbage-first heap   total 147456K, used 84911K [0x0000000080000000, 0x0000000100000000)
  region size 1024K, 4 young (4096K), 4 survivors (4096K)
 Metaspace       used 86801K, capacity 88741K, committed 88956K, reserved 1126400K
  class space    used 11280K, capacity 12002K, committed 12032K, reserved 1048576K
}
Event: 53.397 GC heap before
{Heap before GC invocations=45 (full 0):
 garbage-first heap   total 147456K, used 118703K [0x0000000080000000, 0x0000000100000000)
  region size 1024K, 37 young (37888K), 4 survivors (4096K)
 Metaspace       used 87516K, capacity 89694K, committed 89980K, reserved 1126400K
  class space    used 11392K, capacity 12169K, committed 12288K, reserved 1048576K
}
Event: 53.406 GC heap after
{Heap after GC invocations=46 (full 0):
 garbage-first heap   total 147456K, used 89669K [0x0000000080000000, 0x0000000100000000)
  region size 1024K, 5 young (5120K), 5 survivors (5120K)
 Metaspace       used 87516K, capacity 89694K, committed 89980K, reserved 1126400K
  class space    used 11392K, capacity 12169K, committed 12288K, reserved 1048576K
}
Event: 53.773 GC heap before
{Heap before GC invocations=46 (full 0):
 garbage-first heap   total 147456K, used 119365K [0x0000000080000000, 0x0000000100000000)
  region size 1024K, 35 young (35840K), 5 survivors (5120K)
 Metaspace       used 87713K, capacity 89909K, committed 90236K, reserved 1128448K
  class space    used 11392K, capacity 12169K, committed 12288K, reserved 1048576K
}
Event: 53.781 GC heap after
{Heap after GC invocations=47 (full 0):
 garbage-first heap   total 177152K, used 91385K [0x0000000080000000, 0x0000000100000000)
  region size 1024K, 4 young (4096K), 4 survivors (4096K)
 Metaspace       used 87713K, capacity 89909K, committed 90236K, reserved 1128448K
  class space    used 11392K, capacity 12169K, committed 12288K, reserved 1048576K
}
Event: 54.534 GC heap before
{Heap before GC invocations=48 (full 0):
 garbage-first heap   total 177152K, used 134393K [0x0000000080000000, 0x0000000100000000)
  region size 1024K, 47 young (48128K), 4 survivors (4096K)
 Metaspace       used 88152K, capacity 90285K, committed 90492K, reserved 1128448K
  class space    used 11435K, capacity 12220K, committed 12288K, reserved 1048576K
}
Event: 54.540 GC heap after
{Heap after GC invocations=49 (full 0):
 garbage-first heap   total 177152K, used 94882K [0x0000000080000000, 0x0000000100000000)
  region size 1024K, 6 young (6144K), 6 survivors (6144K)
 Metaspace       used 88152K, capacity 90285K, committed 90492K, reserved 1128448K
  class space    used 11435K, capacity 12220K, committed 12288K, reserved 1048576K
}
Event: 54.965 GC heap before
{Heap before GC invocations=49 (full 0):
 garbage-first heap   total 177152K, used 136866K [0x0000000080000000, 0x0000000100000000)
  region size 1024K, 48 young (49152K), 6 survivors (6144K)
 Metaspace       used 88437K, capacity 90639K, committed 90748K, reserved 1128448K
  class space    used 11440K, capacity 12254K, committed 12288K, reserved 1048576K
}
Event: 54.974 GC heap after
{Heap after GC invocations=50 (full 0):
 garbage-first heap   total 177152K, used 98163K [0x0000000080000000, 0x0000000100000000)
  region size 1024K, 5 young (5120K), 5 survivors (5120K)
 Metaspace       used 88437K, capacity 90639K, committed 90748K, reserved 1128448K
  class space    used 11440K, capacity 12254K, committed 12288K, reserved 1048576K
}
Event: 55.853 GC heap before
{Heap before GC invocations=51 (full 0):
 garbage-first heap   total 177152K, used 139123K [0x0000000080000000, 0x0000000100000000)
  region size 1024K, 46 young (47104K), 5 survivors (5120K)
 Metaspace       used 90466K, capacity 92649K, committed 93052K, reserved 1130496K
  class space    used 11580K, capacity 12385K, committed 12544K, reserved 1048576K
}
Event: 55.859 GC heap after
{Heap after GC invocations=52 (full 0):
 garbage-first heap   total 177152K, used 99549K [0x0000000080000000, 0x0000000100000000)
  region size 1024K, 2 young (2048K), 2 survivors (2048K)
 Metaspace       used 90466K, capacity 92649K, committed 93052K, reserved 1130496K
  class space    used 11580K, capacity 12385K, committed 12544K, reserved 1048576K
}
Event: 56.489 GC heap before
{Heap before GC invocations=52 (full 0):
 garbage-first heap   total 177152K, used 142557K [0x0000000080000000, 0x0000000100000000)
  region size 1024K, 44 young (45056K), 2 survivors (2048K)
 Metaspace       used 93757K, capacity 95860K, committed 96252K, reserved 1132544K
  class space    used 12019K, capacity 12811K, committed 12928K, reserved 1048576K
}
Event: 56.495 GC heap after
{Heap after GC invocations=53 (full 0):
 garbage-first heap   total 177152K, used 100035K [0x0000000080000000, 0x0000000100000000)
  region size 1024K, 3 young (3072K), 3 survivors (3072K)
 Metaspace       used 93757K, capacity 95860K, committed 96252K, reserved 1132544K
  class space    used 12019K, capacity 12811K, committed 12928K, reserved 1048576K
}
Event: 57.168 GC heap before
{Heap before GC invocations=54 (full 0):
 garbage-first heap   total 177152K, used 143043K [0x0000000080000000, 0x0000000100000000)
  region size 1024K, 46 young (47104K), 3 survivors (3072K)
 Metaspace       used 94595K, capacity 96816K, committed 97148K, reserved 1134592K
  class space    used 12109K, capacity 12956K, committed 13056K, reserved 1048576K
}
Event: 57.180 GC heap after
{Heap after GC invocations=55 (full 0):
 garbage-first heap   total 177152K, used 104493K [0x0000000080000000, 0x0000000100000000)
  region size 1024K, 6 young (6144K), 6 survivors (6144K)
 Metaspace       used 94595K, capacity 96816K, committed 97148K, reserved 1134592K
  class space    used 12109K, capacity 12956K, committed 13056K, reserved 1048576K
}

