# JRE version: OpenJDK Runtime Environment (11.0.13) (build 11.0.13+0-b1751.21-8125866)
# Java VM: OpenJDK 64-Bit Server VM (11.0.13+0-b1751.21-8125866, mixed mode, tiered, compressed oops, g1 gc, windows-amd64)
Heap:
 garbage-first heap   total 453632K, used 295826K [0x0000000080000000, 0x0000000100000000)
  region size 1024K, 78 young (79872K), 9 survivors (9216K)
 Metaspace       used 99790K, capacity 102225K, committed 102524K, reserved 1138688K
  class space    used 12998K, capacity 13922K, committed 14028K, reserved 1048576K
GC Heap History (20 events):
Event: 15.330 GC heap after
{Heap after GC invocations=29 (full 0):
 garbage-first heap   total 206848K, used 96854K [0x0000000080000000, 0x0000000100000000)
  region size 1024K, 7 young (7168K), 7 survivors (7168K)
 Metaspace       used 88323K, capacity 90651K, committed 90876K, reserved 1128448K
  class space    used 11480K, capacity 12299K, committed 12364K, reserved 1048576K
}
Event: 15.772 GC heap before
{Heap before GC invocations=29 (full 0):
 garbage-first heap   total 206848K, used 161366K [0x0000000080000000, 0x0000000100000000)
  region size 1024K, 71 young (72704K), 7 survivors (7168K)
 Metaspace       used 88939K, capacity 91280K, committed 91516K, reserved 1128448K
  class space    used 11543K, capacity 12396K, committed 12492K, reserved 1048576K
}
Event: 15.781 GC heap after
{Heap after GC invocations=30 (full 0):
 garbage-first heap   total 206848K, used 101764K [0x0000000080000000, 0x0000000100000000)
  region size 1024K, 7 young (7168K), 7 survivors (7168K)
 Metaspace       used 88939K, capacity 91280K, committed 91516K, reserved 1128448K
  class space    used 11543K, capacity 12396K, committed 12492K, reserved 1048576K
}
Event: 16.249 GC heap before
{Heap before GC invocations=30 (full 0):
 garbage-first heap   total 206848K, used 164228K [0x0000000080000000, 0x0000000100000000)
  region size 1024K, 69 young (70656K), 7 survivors (7168K)
 Metaspace       used 90959K, capacity 93288K, committed 93564K, reserved 1130496K
  class space    used 11753K, capacity 12668K, committed 12748K, reserved 1048576K
}
Event: 16.262 GC heap after
{Heap after GC invocations=31 (full 0):
 garbage-first heap   total 206848K, used 104985K [0x0000000080000000, 0x0000000100000000)
  region size 1024K, 5 young (5120K), 5 survivors (5120K)
 Metaspace       used 90959K, capacity 93288K, committed 93564K, reserved 1130496K
  class space    used 11753K, capacity 12668K, committed 12748K, reserved 1048576K
}
Event: 16.686 GC heap before
{Heap before GC invocations=32 (full 0):
 garbage-first heap   total 206848K, used 166425K [0x0000000080000000, 0x0000000100000000)
  region size 1024K, 66 young (67584K), 5 survivors (5120K)
 Metaspace       used 92167K, capacity 94412K, committed 94972K, reserved 1132544K
  class space    used 11853K, capacity 12694K, committed 12876K, reserved 1048576K
}
Event: 16.695 GC heap after
{Heap after GC invocations=33 (full 0):
 garbage-first heap   total 206848K, used 107512K [0x0000000080000000, 0x0000000100000000)
  region size 1024K, 8 young (8192K), 8 survivors (8192K)
 Metaspace       used 92167K, capacity 94412K, committed 94972K, reserved 1132544K
  class space    used 11853K, capacity 12694K, committed 12876K, reserved 1048576K
}
Event: 17.103 GC heap before
{Heap before GC invocations=33 (full 0):
 garbage-first heap   total 206848K, used 162808K [0x0000000080000000, 0x0000000100000000)
  region size 1024K, 64 young (65536K), 8 survivors (8192K)
 Metaspace       used 93546K, capacity 95795K, committed 96380K, reserved 1132544K
  class space    used 11996K, capacity 12829K, committed 13004K, reserved 1048576K
}
Event: 17.118 GC heap after
{Heap after GC invocations=34 (full 0):
 garbage-first heap   total 206848K, used 110832K [0x0000000080000000, 0x0000000100000000)
  region size 1024K, 8 young (8192K), 8 survivors (8192K)
 Metaspace       used 93546K, capacity 95795K, committed 96380K, reserved 1132544K
  class space    used 11996K, capacity 12829K, committed 13004K, reserved 1048576K
}
Event: 17.596 GC heap before
{Heap before GC invocations=35 (full 0):
 garbage-first heap   total 206848K, used 157936K [0x0000000080000000, 0x0000000100000000)
  region size 1024K, 36 young (36864K), 8 survivors (8192K)
 Metaspace       used 96976K, capacity 99261K, committed 99708K, reserved 1136640K
  class space    used 12460K, capacity 13329K, committed 13516K, reserved 1048576K
}
Event: 17.610 GC heap after
{Heap after GC invocations=36 (full 0):
 garbage-first heap   total 248832K, used 139979K [0x0000000080000000, 0x0000000100000000)
  region size 1024K, 9 young (9216K), 9 survivors (9216K)
 Metaspace       used 96976K, capacity 99261K, committed 99708K, reserved 1136640K
  class space    used 12460K, capacity 13329K, committed 13516K, reserved 1048576K
}
Event: 17.915 GC heap before
{Heap before GC invocations=37 (full 0):
 garbage-first heap   total 248832K, used 245451K [0x0000000080000000, 0x0000000100000000)
  region size 1024K, 64 young (65536K), 9 survivors (9216K)
 Metaspace       used 97301K, capacity 99557K, committed 99964K, reserved 1136640K
  class space    used 12503K, capacity 13363K, committed 13516K, reserved 1048576K
}
Event: 17.981 GC heap after
{Heap after GC invocations=38 (full 0):
 garbage-first heap   total 278528K, used 181912K [0x0000000080000000, 0x0000000100000000)
  region size 1024K, 8 young (8192K), 8 survivors (8192K)
 Metaspace       used 97301K, capacity 99557K, committed 99964K, reserved 1136640K
  class space    used 12503K, capacity 13363K, committed 13516K, reserved 1048576K
}
Event: 18.223 GC heap before
{Heap before GC invocations=38 (full 0):
 garbage-first heap   total 278528K, used 225944K [0x0000000080000000, 0x0000000100000000)
  region size 1024K, 48 young (49152K), 8 survivors (8192K)
 Metaspace       used 97301K, capacity 99557K, committed 99964K, reserved 1136640K
  class space    used 12503K, capacity 13363K, committed 13516K, reserved 1048576K
}
Event: 18.257 GC heap after
{Heap after GC invocations=39 (full 0):
 garbage-first heap   total 278528K, used 201501K [0x0000000080000000, 0x0000000100000000)
  region size 1024K, 6 young (6144K), 6 survivors (6144K)
 Metaspace       used 97301K, capacity 99557K, committed 99964K, reserved 1136640K
  class space    used 12503K, capacity 13363K, committed 13516K, reserved 1048576K
}
Event: 18.542 GC heap before
{Heap before GC invocations=40 (full 0):
 garbage-first heap   total 278528K, used 229149K [0x0000000080000000, 0x0000000100000000)
  region size 1024K, 32 young (32768K), 6 survivors (6144K)
 Metaspace       used 99673K, capacity 102089K, committed 102268K, reserved 1138688K
  class space    used 12998K, capacity 13922K, committed 14028K, reserved 1048576K
}
Event: 18.566 GC heap after
{Heap after GC invocations=41 (full 0):
 garbage-first heap   total 278528K, used 214358K [0x0000000080000000, 0x0000000100000000)
  region size 1024K, 4 young (4096K), 4 survivors (4096K)
 Metaspace       used 99673K, capacity 102089K, committed 102268K, reserved 1138688K
  class space    used 12998K, capacity 13922K, committed 14028K, reserved 1048576K
}
Event: 18.657 GC heap before
{Heap before GC invocations=41 (full 0):
 garbage-first heap   total 278528K, used 232790K [0x0000000080000000, 0x0000000100000000)
  region size 1024K, 23 young (23552K), 4 survivors (4096K)
 Metaspace       used 99724K, capacity 102155K, committed 102268K, reserved 1138688K
  class space    used 12998K, capacity 13922K, committed 14028K, reserved 1048576K
}
Event: 18.682 GC heap after
{Heap after GC invocations=42 (full 0):
 garbage-first heap   total 453632K, used 225170K [0x0000000080000000, 0x0000000100000000)
  region size 1024K, 3 young (3072K), 3 survivors (3072K)
 Metaspace       used 99724K, capacity 102155K, committed 102268K, reserved 1138688K
  class space    used 12998K, capacity 13922K, committed 14028K, reserved 1048576K
}
Event: 18.923 GC heap before
{Heap before GC invocations=42 (full 0):
 garbage-first heap   total 453632K, used 294802K [0x0000000080000000, 0x0000000100000000)
  region size 1024K, 72 young (73728K), 3 survivors (3072K)
 Metaspace       used 99790K, capacity 102225K, committed 102524K, reserved 1138688K
  class space    used 12998K, capacity 13922K, committed 14028K, reserved 1048576K
}

