# JRE version: OpenJDK Runtime Environment (11.0.13) (build 11.0.13+0-b1751.21-8125866)
# Java VM: OpenJDK 64-Bit Server VM (11.0.13+0-b1751.21-8125866, mixed mode, tiered, compressed oops, g1 gc, windows-amd64)
Heap:
 garbage-first heap   total 376832K, used 174821K [0x0000000080000000, 0x0000000100000000)
  region size 1024K, 9 young (9216K), 3 survivors (3072K)
 Metaspace       used 161363K, capacity 166934K, committed 167152K, reserved 1196032K
  class space    used 19558K, capacity 21586K, committed 21708K, reserved 1048576K
GC Heap History (20 events):
Event: 3713.960 GC heap after
{Heap after GC invocations=153 (full 0):
 garbage-first heap   total 376832K, used 169844K [0x0000000080000000, 0x0000000100000000)
  region size 1024K, 9 young (9216K), 9 survivors (9216K)
 Metaspace       used 149105K, capacity 154033K, committed 163952K, reserved 1191936K
  class space    used 18065K, capacity 19846K, committed 21580K, reserved 1048576K
}
Event: 3714.075 GC heap before
{Heap before GC invocations=153 (full 0):
 garbage-first heap   total 376832K, used 178036K [0x0000000080000000, 0x0000000100000000)
  region size 1024K, 18 young (18432K), 9 survivors (9216K)
 Metaspace       used 149107K, capacity 154033K, committed 163952K, reserved 1191936K
  class space    used 18065K, capacity 19846K, committed 21580K, reserved 1048576K
}
Event: 3714.132 GC heap after
{Heap after GC invocations=154 (full 0):
 garbage-first heap   total 376832K, used 151369K [0x0000000080000000, 0x0000000100000000)
  region size 1024K, 2 young (2048K), 2 survivors (2048K)
 Metaspace       used 149107K, capacity 154033K, committed 163952K, reserved 1191936K
  class space    used 18065K, capacity 19846K, committed 21580K, reserved 1048576K
}
Event: 3810.870 GC heap before
{Heap before GC invocations=154 (full 0):
 garbage-first heap   total 376832K, used 296777K [0x0000000080000000, 0x0000000100000000)
  region size 1024K, 145 young (148480K), 2 survivors (2048K)
 Metaspace       used 149266K, capacity 154171K, committed 163952K, reserved 1191936K
  class space    used 18065K, capacity 19847K, committed 21580K, reserved 1048576K
}
Event: 3810.910 GC heap after
{Heap after GC invocations=155 (full 0):
 garbage-first heap   total 376832K, used 161379K [0x0000000080000000, 0x0000000100000000)
  region size 1024K, 12 young (12288K), 12 survivors (12288K)
 Metaspace       used 149266K, capacity 154171K, committed 163952K, reserved 1191936K
  class space    used 18065K, capacity 19847K, committed 21580K, reserved 1048576K
}
Event: 3978.364 GC heap before
{Heap before GC invocations=156 (full 0):
 garbage-first heap   total 376832K, used 299619K [0x0000000080000000, 0x0000000100000000)
  region size 1024K, 148 young (151552K), 12 survivors (12288K)
 Metaspace       used 149398K, capacity 154249K, committed 163952K, reserved 1191936K
  class space    used 18066K, capacity 19847K, committed 21580K, reserved 1048576K
}
Event: 3978.389 GC heap after
{Heap after GC invocations=157 (full 0):
 garbage-first heap   total 376832K, used 157510K [0x0000000080000000, 0x0000000100000000)
  region size 1024K, 6 young (6144K), 6 survivors (6144K)
 Metaspace       used 149398K, capacity 154249K, committed 163952K, reserved 1191936K
  class space    used 18066K, capacity 19847K, committed 21580K, reserved 1048576K
}
Event: 3978.589 GC heap before
{Heap before GC invocations=157 (full 0):
 garbage-first heap   total 376832K, used 168774K [0x0000000080000000, 0x0000000100000000)
  region size 1024K, 18 young (18432K), 6 survivors (6144K)
 Metaspace       used 149404K, capacity 154249K, committed 163952K, reserved 1191936K
  class space    used 18066K, capacity 19847K, committed 21580K, reserved 1048576K
}
Event: 3978.623 GC heap after
{Heap after GC invocations=158 (full 0):
 garbage-first heap   total 376832K, used 143424K [0x0000000080000000, 0x0000000100000000)
  region size 1024K, 2 young (2048K), 2 survivors (2048K)
 Metaspace       used 149404K, capacity 154249K, committed 163952K, reserved 1191936K
  class space    used 18066K, capacity 19847K, committed 21580K, reserved 1048576K
}
Event: 3981.207 GC heap before
{Heap before GC invocations=158 (full 0):
 garbage-first heap   total 376832K, used 246848K [0x0000000080000000, 0x0000000100000000)
  region size 1024K, 105 young (107520K), 2 survivors (2048K)
 Metaspace       used 149488K, capacity 154330K, committed 163952K, reserved 1191936K
  class space    used 18069K, capacity 19849K, committed 21580K, reserved 1048576K
}
Event: 3981.230 GC heap after
{Heap after GC invocations=159 (full 0):
 garbage-first heap   total 376832K, used 150671K [0x0000000080000000, 0x0000000100000000)
  region size 1024K, 9 young (9216K), 9 survivors (9216K)
 Metaspace       used 149488K, capacity 154330K, committed 163952K, reserved 1191936K
  class space    used 18069K, capacity 19849K, committed 21580K, reserved 1048576K
}
Event: 3984.026 GC heap before
{Heap before GC invocations=160 (full 0):
 garbage-first heap   total 376832K, used 299151K [0x0000000080000000, 0x0000000100000000)
  region size 1024K, 144 young (147456K), 9 survivors (9216K)
 Metaspace       used 158462K, capacity 163672K, committed 164464K, reserved 1191936K
  class space    used 19109K, capacity 21028K, committed 21580K, reserved 1048576K
}
Event: 3984.069 GC heap after
{Heap after GC invocations=161 (full 0):
 garbage-first heap   total 376832K, used 168741K [0x0000000080000000, 0x0000000100000000)
  region size 1024K, 18 young (18432K), 18 survivors (18432K)
 Metaspace       used 158462K, capacity 163672K, committed 164464K, reserved 1191936K
  class space    used 19109K, capacity 21028K, committed 21580K, reserved 1048576K
}
Event: 3984.079 GC heap before
{Heap before GC invocations=161 (full 0):
 garbage-first heap   total 376832K, used 169765K [0x0000000080000000, 0x0000000100000000)
  region size 1024K, 19 young (19456K), 18 survivors (18432K)
 Metaspace       used 158464K, capacity 163672K, committed 164464K, reserved 1191936K
  class space    used 19109K, capacity 21028K, committed 21580K, reserved 1048576K
}
Event: 3984.122 GC heap after
{Heap after GC invocations=162 (full 0):
 garbage-first heap   total 376832K, used 159202K [0x0000000080000000, 0x0000000100000000)
  region size 1024K, 2 young (2048K), 2 survivors (2048K)
 Metaspace       used 158464K, capacity 163672K, committed 164464K, reserved 1191936K
  class space    used 19109K, capacity 21028K, committed 21580K, reserved 1048576K
}
Event: 3986.455 GC heap before
{Heap before GC invocations=162 (full 0):
 garbage-first heap   total 376832K, used 243170K [0x0000000080000000, 0x0000000100000000)
  region size 1024K, 86 young (88064K), 2 survivors (2048K)
 Metaspace       used 161247K, capacity 166800K, committed 167152K, reserved 1196032K
  class space    used 19558K, capacity 21586K, committed 21708K, reserved 1048576K
}
Event: 3986.477 GC heap after
{Heap after GC invocations=163 (full 0):
 garbage-first heap   total 376832K, used 161700K [0x0000000080000000, 0x0000000100000000)
  region size 1024K, 7 young (7168K), 7 survivors (7168K)
 Metaspace       used 161247K, capacity 166800K, committed 167152K, reserved 1196032K
  class space    used 19558K, capacity 21586K, committed 21708K, reserved 1048576K
}
Event: 4187.026 GC heap before
{Heap before GC invocations=164 (full 0):
 garbage-first heap   total 376832K, used 298916K [0x0000000080000000, 0x0000000100000000)
  region size 1024K, 138 young (141312K), 7 survivors (7168K)
 Metaspace       used 161342K, capacity 166934K, committed 167152K, reserved 1196032K
  class space    used 19558K, capacity 21586K, committed 21708K, reserved 1048576K
}
Event: 4187.041 GC heap after
{Heap after GC invocations=165 (full 0):
 garbage-first heap   total 376832K, used 168677K [0x0000000080000000, 0x0000000100000000)
  region size 1024K, 12 young (12288K), 12 survivors (12288K)
 Metaspace       used 161342K, capacity 166934K, committed 167152K, reserved 1196032K
  class space    used 19558K, capacity 21586K, committed 21708K, reserved 1048576K
}
Event: 4187.100 GC heap before
{Heap before GC invocations=165 (full 0):
 garbage-first heap   total 376832K, used 174821K [0x0000000080000000, 0x0000000100000000)
  region size 1024K, 18 young (18432K), 12 survivors (12288K)
 Metaspace       used 161363K, capacity 166934K, committed 167152K, reserved 1196032K
  class space    used 19558K, capacity 21586K, committed 21708K, reserved 1048576K
}

