# JRE version: OpenJDK Runtime Environment (11.0.13) (build 11.0.13+0-b1751.21-8125866)
# Java VM: OpenJDK 64-Bit Server VM (11.0.13+0-b1751.21-8125866, mixed mode, tiered, compressed oops, g1 gc, windows-amd64)
Heap:
 garbage-first heap   total 446464K, used 269804K [0x0000000080000000, 0x0000000100000000)
  region size 1024K, 35 young (35840K), 2 survivors (2048K)
 Metaspace       used 187659K, capacity 194366K, committed 200944K, reserved 1224704K
  class space    used 22360K, capacity 24659K, committed 25804K, reserved 1048576K
GC Heap History (20 events):
Event: 29158.453 GC heap before
{Heap before GC invocations=487 (full 0):
 garbage-first heap   total 359424K, used 320469K [0x0000000080000000, 0x0000000100000000)
  region size 1024K, 38 young (38912K), 5 survivors (5120K)
 Metaspace       used 187243K, capacity 193964K, committed 200944K, reserved 1224704K
  class space    used 22318K, capacity 24612K, committed 25804K, reserved 1048576K
}
Event: 29158.467 GC heap after
{Heap after GC invocations=488 (full 0):
 garbage-first heap   total 359424K, used 278374K [0x0000000080000000, 0x0000000100000000)
  region size 1024K, 5 young (5120K), 5 survivors (5120K)
 Metaspace       used 187243K, capacity 193964K, committed 200944K, reserved 1224704K
  class space    used 22318K, capacity 24612K, committed 25804K, reserved 1048576K
}
Event: 29158.613 GC heap before
{Heap before GC invocations=488 (full 0):
 garbage-first heap   total 359424K, used 306022K [0x0000000080000000, 0x0000000100000000)
  region size 1024K, 33 young (33792K), 5 survivors (5120K)
 Metaspace       used 187247K, capacity 193964K, committed 200944K, reserved 1224704K
  class space    used 22318K, capacity 24612K, committed 25804K, reserved 1048576K
}
Event: 29158.621 GC heap after
{Heap after GC invocations=489 (full 0):
 garbage-first heap   total 359424K, used 283182K [0x0000000080000000, 0x0000000100000000)
  region size 1024K, 4 young (4096K), 4 survivors (4096K)
 Metaspace       used 187247K, capacity 193964K, committed 200944K, reserved 1224704K
  class space    used 22318K, capacity 24612K, committed 25804K, reserved 1048576K
}
Event: 29158.742 GC heap before
{Heap before GC invocations=489 (full 0):
 garbage-first heap   total 359424K, used 309806K [0x0000000080000000, 0x0000000100000000)
  region size 1024K, 30 young (30720K), 4 survivors (4096K)
 Metaspace       used 187248K, capacity 193964K, committed 200944K, reserved 1224704K
  class space    used 22318K, capacity 24612K, committed 25804K, reserved 1048576K
}
Event: 29158.748 GC heap after
{Heap after GC invocations=490 (full 0):
 garbage-first heap   total 359424K, used 285197K [0x0000000080000000, 0x0000000100000000)
  region size 1024K, 3 young (3072K), 3 survivors (3072K)
 Metaspace       used 187248K, capacity 193964K, committed 200944K, reserved 1224704K
  class space    used 22318K, capacity 24612K, committed 25804K, reserved 1048576K
}
Event: 29158.827 GC heap before
{Heap before GC invocations=491 (full 0):
 garbage-first heap   total 359424K, used 310797K [0x0000000080000000, 0x0000000100000000)
  region size 1024K, 28 young (28672K), 3 survivors (3072K)
 Metaspace       used 187293K, capacity 194028K, committed 200944K, reserved 1224704K
  class space    used 22323K, capacity 24612K, committed 25804K, reserved 1048576K
}
Event: 29158.833 GC heap after
{Heap after GC invocations=492 (full 0):
 garbage-first heap   total 359424K, used 287485K [0x0000000080000000, 0x0000000100000000)
  region size 1024K, 4 young (4096K), 4 survivors (4096K)
 Metaspace       used 187293K, capacity 194028K, committed 200944K, reserved 1224704K
  class space    used 22323K, capacity 24612K, committed 25804K, reserved 1048576K
}
Event: 29158.877 GC heap before
{Heap before GC invocations=492 (full 0):
 garbage-first heap   total 359424K, used 299773K [0x0000000080000000, 0x0000000100000000)
  region size 1024K, 17 young (17408K), 4 survivors (4096K)
 Metaspace       used 187468K, capacity 194162K, committed 200944K, reserved 1224704K
  class space    used 22340K, capacity 24613K, committed 25804K, reserved 1048576K
}
Event: 29158.889 GC heap after
{Heap after GC invocations=493 (full 0):
 garbage-first heap   total 359424K, used 285710K [0x0000000080000000, 0x0000000100000000)
  region size 1024K, 2 young (2048K), 2 survivors (2048K)
 Metaspace       used 187468K, capacity 194162K, committed 200944K, reserved 1224704K
  class space    used 22340K, capacity 24613K, committed 25804K, reserved 1048576K
}
Event: 29158.978 GC heap before
{Heap before GC invocations=493 (full 0):
 garbage-first heap   total 359424K, used 310286K [0x0000000080000000, 0x0000000100000000)
  region size 1024K, 27 young (27648K), 2 survivors (2048K)
 Metaspace       used 187527K, capacity 194258K, committed 200944K, reserved 1224704K
  class space    used 22345K, capacity 24645K, committed 25804K, reserved 1048576K
}
Event: 29158.989 GC heap after
{Heap after GC invocations=494 (full 0):
 garbage-first heap   total 359424K, used 290294K [0x0000000080000000, 0x0000000100000000)
  region size 1024K, 4 young (4096K), 4 survivors (4096K)
 Metaspace       used 187527K, capacity 194258K, committed 200944K, reserved 1224704K
  class space    used 22345K, capacity 24645K, committed 25804K, reserved 1048576K
}
Event: 29159.288 GC heap before
{Heap before GC invocations=494 (full 0):
 garbage-first heap   total 359424K, used 292342K [0x0000000080000000, 0x0000000100000000)
  region size 1024K, 25 young (25600K), 4 survivors (4096K)
 Metaspace       used 187534K, capacity 194258K, committed 200944K, reserved 1224704K
  class space    used 22345K, capacity 24645K, committed 25804K, reserved 1048576K
}
Event: 29159.296 GC heap after
{Heap after GC invocations=495 (full 0):
 garbage-first heap   total 359424K, used 272831K [0x0000000080000000, 0x0000000100000000)
  region size 1024K, 1 young (1024K), 1 survivors (1024K)
 Metaspace       used 187534K, capacity 194258K, committed 200944K, reserved 1224704K
  class space    used 22345K, capacity 24645K, committed 25804K, reserved 1048576K
}
Event: 29159.528 GC heap before
{Heap before GC invocations=496 (full 0):
 garbage-first heap   total 359424K, used 304575K [0x0000000080000000, 0x0000000100000000)
  region size 1024K, 33 young (33792K), 1 survivors (1024K)
 Metaspace       used 187559K, capacity 194264K, committed 200944K, reserved 1224704K
  class space    used 22346K, capacity 24647K, committed 25804K, reserved 1048576K
}
Event: 29159.533 GC heap after
{Heap after GC invocations=497 (full 0):
 garbage-first heap   total 359424K, used 272865K [0x0000000080000000, 0x0000000100000000)
  region size 1024K, 2 young (2048K), 2 survivors (2048K)
 Metaspace       used 187559K, capacity 194264K, committed 200944K, reserved 1224704K
  class space    used 22346K, capacity 24647K, committed 25804K, reserved 1048576K
}
Event: 29159.607 GC heap before
{Heap before GC invocations=497 (full 0):
 garbage-first heap   total 359424K, used 287201K [0x0000000080000000, 0x0000000100000000)
  region size 1024K, 17 young (17408K), 2 survivors (2048K)
 Metaspace       used 187560K, capacity 194264K, committed 200944K, reserved 1224704K
  class space    used 22346K, capacity 24647K, committed 25804K, reserved 1048576K
}
Event: 29159.616 GC heap after
{Heap after GC invocations=498 (full 0):
 garbage-first heap   total 446464K, used 239201K [0x0000000080000000, 0x0000000100000000)
  region size 1024K, 3 young (3072K), 3 survivors (3072K)
 Metaspace       used 187560K, capacity 194264K, committed 200944K, reserved 1224704K
  class space    used 22346K, capacity 24647K, committed 25804K, reserved 1048576K
}
Event: 29159.744 GC heap before
{Heap before GC invocations=498 (full 0):
 garbage-first heap   total 446464K, used 256609K [0x0000000080000000, 0x0000000100000000)
  region size 1024K, 21 young (21504K), 3 survivors (3072K)
 Metaspace       used 187577K, capacity 194291K, committed 200944K, reserved 1224704K
  class space    used 22350K, capacity 24655K, committed 25804K, reserved 1048576K
}
Event: 29159.754 GC heap after
{Heap after GC invocations=499 (full 0):
 garbage-first heap   total 446464K, used 238060K [0x0000000080000000, 0x0000000100000000)
  region size 1024K, 2 young (2048K), 2 survivors (2048K)
 Metaspace       used 187577K, capacity 194291K, committed 200944K, reserved 1224704K
  class space    used 22350K, capacity 24655K, committed 25804K, reserved 1048576K
}

