# JRE version: OpenJDK Runtime Environment (11.0.13) (build 11.0.13+0-b1751.21-8125866)
# Java VM: OpenJDK 64-Bit Server VM (11.0.13+0-b1751.21-8125866, mixed mode, tiered, compressed oops, g1 gc, windows-amd64)
Heap:
 garbage-first heap   total 118784K, used 82908K [0x0000000080000000, 0x0000000100000000)
  region size 1024K, 23 young (23552K), 3 survivors (3072K)
 Metaspace       used 66540K, capacity 68060K, committed 68348K, reserved 1107968K
  class space    used 8374K, capacity 8941K, committed 9036K, reserved 1048576K
GC Heap History (20 events):
Event: 5.539 GC heap before
{Heap before GC invocations=7 (full 0):
 garbage-first heap   total 98304K, used 38239K [0x0000000080000000, 0x0000000100000000)
  region size 1024K, 22 young (22528K), 4 survivors (4096K)
 Metaspace       used 34948K, capacity 35669K, committed 35708K, reserved 1081344K
  class space    used 4479K, capacity 4780K, committed 4812K, reserved 1048576K
}
Event: 5.554 GC heap after
{Heap after GC invocations=8 (full 0):
 garbage-first heap   total 98304K, used 22874K [0x0000000080000000, 0x0000000100000000)
  region size 1024K, 6 young (6144K), 6 survivors (6144K)
 Metaspace       used 34948K, capacity 35669K, committed 35708K, reserved 1081344K
  class space    used 4479K, capacity 4780K, committed 4812K, reserved 1048576K
}
Event: 6.256 GC heap before
{Heap before GC invocations=9 (full 0):
 garbage-first heap   total 98304K, used 72026K [0x0000000080000000, 0x0000000100000000)
  region size 1024K, 52 young (53248K), 6 survivors (6144K)
 Metaspace       used 39283K, capacity 40188K, committed 40316K, reserved 1085440K
  class space    used 4944K, capacity 5260K, committed 5324K, reserved 1048576K
}
Event: 6.265 GC heap after
{Heap after GC invocations=10 (full 0):
 garbage-first heap   total 98304K, used 27095K [0x0000000080000000, 0x0000000100000000)
  region size 1024K, 7 young (7168K), 7 survivors (7168K)
 Metaspace       used 39283K, capacity 40188K, committed 40316K, reserved 1085440K
  class space    used 4944K, capacity 5260K, committed 5324K, reserved 1048576K
}
Event: 6.934 GC heap before
{Heap before GC invocations=10 (full 0):
 garbage-first heap   total 98304K, used 72151K [0x0000000080000000, 0x0000000100000000)
  region size 1024K, 51 young (52224K), 7 survivors (7168K)
 Metaspace       used 42671K, capacity 43678K, committed 44028K, reserved 1087488K
  class space    used 5446K, capacity 5838K, committed 5964K, reserved 1048576K
}
Event: 6.943 GC heap after
{Heap after GC invocations=11 (full 0):
 garbage-first heap   total 118784K, used 29527K [0x0000000080000000, 0x0000000100000000)
  region size 1024K, 6 young (6144K), 6 survivors (6144K)
 Metaspace       used 42671K, capacity 43678K, committed 44028K, reserved 1087488K
  class space    used 5446K, capacity 5838K, committed 5964K, reserved 1048576K
}
Event: 7.855 GC heap before
{Heap before GC invocations=11 (full 0):
 garbage-first heap   total 118784K, used 84823K [0x0000000080000000, 0x0000000100000000)
  region size 1024K, 59 young (60416K), 6 survivors (6144K)
 Metaspace       used 47017K, capacity 48173K, committed 48380K, reserved 1091584K
  class space    used 5965K, capacity 6356K, committed 6476K, reserved 1048576K
}
Event: 7.862 GC heap after
{Heap after GC invocations=12 (full 0):
 garbage-first heap   total 118784K, used 31702K [0x0000000080000000, 0x0000000100000000)
  region size 1024K, 5 young (5120K), 5 survivors (5120K)
 Metaspace       used 47017K, capacity 48173K, committed 48380K, reserved 1091584K
  class space    used 5965K, capacity 6356K, committed 6476K, reserved 1048576K
}
Event: 8.795 GC heap before
{Heap before GC invocations=12 (full 0):
 garbage-first heap   total 118784K, used 89046K [0x0000000080000000, 0x0000000100000000)
  region size 1024K, 58 young (59392K), 5 survivors (5120K)
 Metaspace       used 48984K, capacity 50380K, committed 50428K, reserved 1093632K
  class space    used 6188K, capacity 6693K, committed 6732K, reserved 1048576K
}
Event: 8.803 GC heap after
{Heap after GC invocations=13 (full 0):
 garbage-first heap   total 118784K, used 41789K [0x0000000080000000, 0x0000000100000000)
  region size 1024K, 8 young (8192K), 8 survivors (8192K)
 Metaspace       used 48984K, capacity 50380K, committed 50428K, reserved 1093632K
  class space    used 6188K, capacity 6693K, committed 6732K, reserved 1048576K
}
Event: 9.684 GC heap before
{Heap before GC invocations=13 (full 0):
 garbage-first heap   total 118784K, used 96061K [0x0000000080000000, 0x0000000100000000)
  region size 1024K, 55 young (56320K), 8 survivors (8192K)
 Metaspace       used 54081K, capacity 55566K, committed 55676K, reserved 1097728K
  class space    used 6827K, capacity 7355K, committed 7372K, reserved 1048576K
}
Event: 9.691 GC heap after
{Heap after GC invocations=14 (full 0):
 garbage-first heap   total 118784K, used 54304K [0x0000000080000000, 0x0000000100000000)
  region size 1024K, 6 young (6144K), 6 survivors (6144K)
 Metaspace       used 54081K, capacity 55566K, committed 55676K, reserved 1097728K
  class space    used 6827K, capacity 7355K, committed 7372K, reserved 1048576K
}
Event: 10.452 GC heap before
{Heap before GC invocations=14 (full 0):
 garbage-first heap   total 118784K, used 82976K [0x0000000080000000, 0x0000000100000000)
  region size 1024K, 35 young (35840K), 6 survivors (6144K)
 Metaspace       used 58339K, capacity 59763K, committed 59900K, reserved 1101824K
  class space    used 7344K, capacity 7899K, committed 8012K, reserved 1048576K
}
Event: 10.466 GC heap after
{Heap after GC invocations=15 (full 0):
 garbage-first heap   total 118784K, used 55264K [0x0000000080000000, 0x0000000100000000)
  region size 1024K, 2 young (2048K), 2 survivors (2048K)
 Metaspace       used 58339K, capacity 59763K, committed 59900K, reserved 1101824K
  class space    used 7344K, capacity 7899K, committed 8012K, reserved 1048576K
}
Event: 10.934 GC heap before
{Heap before GC invocations=16 (full 0):
 garbage-first heap   total 118784K, used 69600K [0x0000000080000000, 0x0000000100000000)
  region size 1024K, 17 young (17408K), 2 survivors (2048K)
 Metaspace       used 60751K, capacity 62268K, committed 62460K, reserved 1103872K
  class space    used 7639K, capacity 8222K, committed 8268K, reserved 1048576K
}
Event: 10.941 GC heap after
{Heap after GC invocations=17 (full 0):
 garbage-first heap   total 118784K, used 57078K [0x0000000080000000, 0x0000000100000000)
  region size 1024K, 3 young (3072K), 3 survivors (3072K)
 Metaspace       used 60751K, capacity 62268K, committed 62460K, reserved 1103872K
  class space    used 7639K, capacity 8222K, committed 8268K, reserved 1048576K
}
Event: 11.577 GC heap before
{Heap before GC invocations=18 (full 0):
 garbage-first heap   total 118784K, used 102134K [0x0000000080000000, 0x0000000100000000)
  region size 1024K, 40 young (40960K), 3 survivors (3072K)
 Metaspace       used 62933K, capacity 64486K, committed 64764K, reserved 1105920K
  class space    used 7915K, capacity 8485K, committed 8524K, reserved 1048576K
}
Event: 11.586 GC heap after
{Heap after GC invocations=19 (full 0):
 garbage-first heap   total 118784K, used 59988K [0x0000000080000000, 0x0000000100000000)
  region size 1024K, 5 young (5120K), 5 survivors (5120K)
 Metaspace       used 62933K, capacity 64486K, committed 64764K, reserved 1105920K
  class space    used 7915K, capacity 8485K, committed 8524K, reserved 1048576K
}
Event: 12.013 GC heap before
{Heap before GC invocations=19 (full 0):
 garbage-first heap   total 118784K, used 84564K [0x0000000080000000, 0x0000000100000000)
  region size 1024K, 30 young (30720K), 5 survivors (5120K)
 Metaspace       used 64509K, capacity 65982K, committed 66300K, reserved 1107968K
  class space    used 8118K, capacity 8682K, committed 8780K, reserved 1048576K
}
Event: 12.022 GC heap after
{Heap after GC invocations=20 (full 0):
 garbage-first heap   total 118784K, used 62428K [0x0000000080000000, 0x0000000100000000)
  region size 1024K, 3 young (3072K), 3 survivors (3072K)
 Metaspace       used 64509K, capacity 65982K, committed 66300K, reserved 1107968K
  class space    used 8118K, capacity 8682K, committed 8780K, reserved 1048576K
}

